#
# There is insufficient memory for the Java Runtime Environment to continue.
# Native memory allocation (malloc) failed to allocate 32744 bytes for ChunkPool::allocate
# Possible reasons:
#   The system is out of physical RAM or swap space
#   In 32 bit mode, the process size limit was hit
# Possible solutions:
#   Reduce memory load on the system
#   Increase physical memory or swap space
#   Check if swap backing store is full
#   Use 64 bit Java on a 64 bit OS
#   Decrease Java heap size (-Xmx/-Xms)
#   Decrease number of Java threads
#   Decrease Java thread stack sizes (-Xss)
#   Set larger code cache with -XX:ReservedCodeCacheSize=
# This output file may be truncated or incomplete.
#
#  Out of Memory Error (allocation.cpp:273), pid=1744, tid=0x0000000000001bdc
#
# JRE version: Java(TM) SE Runtime Environment (8.0_101-b13) (build 1.8.0_101-b13)
# Java VM: Java HotSpot(TM) 64-Bit Server VM (25.101-b13 mixed mode windows-amd64 compressed oops)
# Failed to write core dump. Minidumps are not enabled by default on client versions of Windows
#

---------------  T H R E A D  ---------------

Current thread (0x0000000017433800):  JavaThread "C1 CompilerThread2" daemon [_thread_in_native, id=7132, stack(0x0000000018ca0000,0x0000000018da0000)]

Stack: [0x0000000018ca0000,0x0000000018da0000]
[error occurred during error reporting (printing stack bounds), id 0xc0000005]

Native frames: (J=compiled Java code, j=interpreted, Vv=VM code, C=native code)


Current CompileTask:
C1: 114037  719   !   3       sun.java2d.pipe.DrawImage::renderImageScale (158 bytes)


---------------  P R O C E S S  ---------------

Java Threads: ( => current thread )
  0x000000000181d800 JavaThread "DestroyJavaVM" [_thread_blocked, id=2528, stack(0x0000000003070000,0x0000000003170000)]
  0x00000000198b0000 JavaThread "AWT-EventQueue-0" [_thread_blocked, id=7708, stack(0x000000001a800000,0x000000001a900000)]
  0x0000000019850800 JavaThread "AWT-Windows" daemon [_thread_in_native, id=6872, stack(0x000000001a1a0000,0x000000001a2a0000)]
  0x000000001984d800 JavaThread "AWT-Shutdown" [_thread_blocked, id=7876, stack(0x000000001a0a0000,0x000000001a1a0000)]
  0x000000001984d000 JavaThread "Java2D Disposer" daemon [_thread_blocked, id=6248, stack(0x0000000019fa0000,0x000000001a0a0000)]
  0x000000001747c800 JavaThread "Service Thread" daemon [_thread_blocked, id=7180, stack(0x00000000191a0000,0x00000000192a0000)]
=>0x0000000017433800 JavaThread "C1 CompilerThread2" daemon [_thread_in_native, id=7132, stack(0x0000000018ca0000,0x0000000018da0000)]
  0x0000000017428000 JavaThread "C2 CompilerThread1" daemon [_thread_blocked, id=2252, stack(0x0000000018ba0000,0x0000000018ca0000)]
  0x0000000017422800 JavaThread "C2 CompilerThread0" daemon [_thread_blocked, id=5440, stack(0x0000000018aa0000,0x0000000018ba0000)]
  0x000000001741f000 JavaThread "Attach Listener" daemon [_thread_blocked, id=2092, stack(0x00000000189a0000,0x0000000018aa0000)]
  0x000000001741e000 JavaThread "Signal Dispatcher" daemon [_thread_blocked, id=7288, stack(0x00000000188a0000,0x00000000189a0000)]
  0x000000001740a800 JavaThread "Finalizer" daemon [_thread_blocked, id=7808, stack(0x00000000186a0000,0x00000000187a0000)]
  0x0000000003261800 JavaThread "Reference Handler" daemon [_thread_blocked, id=208, stack(0x00000000185a0000,0x00000000186a0000)]

Other Threads:
  0x00000000173e7000 VMThread [stack: 0x00000000184a0000,0x00000000185a0000] [id=3528]
  0x0000000018dc3800 WatcherThread [stack: 0x00000000192a0000,0x00000000193a0000] [id=7500]

VM state:not at safepoint (normal execution)

VM Mutex/Monitor currently owned by a thread: None

Heap:
 PSYoungGen      total 32768K, used 8489K [0x00000000db600000, 0x00000000dda80000, 0x0000000100000000)
  eden space 28160K, 30% used [0x00000000db600000,0x00000000dbe4a7c8,0x00000000dd180000)
  from space 4608K, 0% used [0x00000000dd600000,0x00000000dd600000,0x00000000dda80000)
  to   space 4608K, 0% used [0x00000000dd180000,0x00000000dd180000,0x00000000dd600000)
 ParOldGen       total 75264K, used 0K [0x0000000092200000, 0x0000000096b80000, 0x00000000db600000)
  object space 75264K, 0% used [0x0000000092200000,0x0000000092200000,0x0000000096b80000)
 Metaspace       used 11515K, capacity 11706K, committed 11904K, reserved 1058816K
  class space    used 1484K, capacity 1575K, committed 1664K, reserved 1048576K

Card table byte_map: [0x0000000012630000,0x00000000129a0000] byte_map_base: 0x000000001219f000

Marking Bits: (ParMarkBitMap*) 0x000000005dd5a6d0
 Begin Bits: [0x0000000012ff0000, 0x0000000014b68000)
 End Bits:   [0x0000000014b68000, 0x00000000166e0000)

Polling page: 0x00000000017d0000

CodeCache: size=245760Kb used=2672Kb max_used=2672Kb free=243087Kb
 bounds [0x0000000003270000, 0x0000000003510000, 0x0000000012270000]
 total_blobs=1197 nmethods=718 adapters=393
 compilation: enabled

Compilation events (10 events):
Event: 78.432 Thread 0x0000000017433800 nmethod 713 0x000000000350b110 code [0x000000000350b260, 0x000000000350b3d0]
Event: 78.432 Thread 0x0000000017433800  714       3       java.lang.Math::floor (5 bytes)
Event: 78.432 Thread 0x0000000017433800 nmethod 714 0x000000000350b450 code [0x000000000350b5e0, 0x000000000350b7a8]
Event: 78.433 Thread 0x0000000017433800  715       3       java.awt.geom.AffineTransform::translate (547 bytes)
Event: 78.434 Thread 0x0000000017433800 nmethod 715 0x000000000350b890 code [0x000000000350ba40, 0x000000000350c5c8]
Event: 78.434 Thread 0x0000000017433800  716       3       sun.java2d.SunGraphics2D::getCompClip (19 bytes)
Event: 78.435 Thread 0x0000000017433800 nmethod 716 0x000000000350c710 code [0x000000000350c880, 0x000000000350cb08]
Event: 114.022 Thread 0x0000000017433800  717       1       javax.swing.plaf.basic.BasicButtonUI::getPropertyPrefix (3 bytes)
Event: 114.022 Thread 0x0000000017433800 nmethod 717 0x000000000350cbd0 code [0x000000000350cd20, 0x000000000350ce30]
Event: 114.025 Thread 0x0000000017433800  719   !   3       sun.java2d.pipe.DrawImage::renderImageScale (158 bytes)

GC Heap History (0 events):
No events

Deoptimization events (5 events):
Event: 1.109 Thread 0x00000000198b0000 Uncommon trap: reason=bimorphic action=maybe_recompile pc=0x000000000345211c method=java.util.HashMap.putVal(ILjava/lang/Object;Ljava/lang/Object;ZZ)Ljava/lang/Object; @ 56
Event: 1.111 Thread 0x00000000198b0000 Uncommon trap: reason=bimorphic action=maybe_recompile pc=0x000000000345211c method=java.util.HashMap.putVal(ILjava/lang/Object;Ljava/lang/Object;ZZ)Ljava/lang/Object; @ 56
Event: 1.131 Thread 0x00000000198b0000 Uncommon trap: reason=bimorphic action=maybe_recompile pc=0x000000000345211c method=java.util.HashMap.putVal(ILjava/lang/Object;Ljava/lang/Object;ZZ)Ljava/lang/Object; @ 56
Event: 1.137 Thread 0x00000000198b0000 Uncommon trap: reason=bimorphic action=maybe_recompile pc=0x000000000345211c method=java.util.HashMap.putVal(ILjava/lang/Object;Ljava/lang/Object;ZZ)Ljava/lang/Object; @ 56
Event: 1.162 Thread 0x00000000198b0000 Uncommon trap: reason=bimorphic action=maybe_recompile pc=0x0000000003457b64 method=java.util.HashMap.putVal(ILjava/lang/Object;Ljava/lang/Object;ZZ)Ljava/lang/Object; @ 56

Internal exceptions (10 events):
Event: 0.821 Thread 0x000000000181d800 Exception <a 'java/lang/ClassNotFoundException': ToolBar> (0x00000000dba54fa0) thrown at [C:\re\workspace\8-2-build-windows-amd64-cygwin\jdk8u101\7261\hotspot\src\share\vm\classfile\systemDictionary.cpp, line 210]
Event: 0.821 Thread 0x000000000181d800 Exception <a 'java/lang/ClassNotFoundException': ToggleButton> (0x00000000dba55550) thrown at [C:\re\workspace\8-2-build-windows-amd64-cygwin\jdk8u101\7261\hotspot\src\share\vm\classfile\systemDictionary.cpp, line 210]
Event: 0.822 Thread 0x000000000181d800 Exception <a 'java/lang/ClassNotFoundException': javax/swing/JToolBarSeparator> (0x00000000dba559b0) thrown at [C:\re\workspace\8-2-build-windows-amd64-cygwin\jdk8u101\7261\hotspot\src\share\vm\classfile\systemDictionary.cpp, line 210]
Event: 0.822 Thread 0x000000000181d800 Exception <a 'java/lang/ClassNotFoundException': ToolBarSeparator> (0x00000000dba55e48) thrown at [C:\re\workspace\8-2-build-windows-amd64-cygwin\jdk8u101\7261\hotspot\src\share\vm\classfile\systemDictionary.cpp, line 210]
Event: 0.822 Thread 0x000000000181d800 Exception <a 'java/lang/ClassNotFoundException': ToolTip> (0x00000000dba56588) thrown at [C:\re\workspace\8-2-build-windows-amd64-cygwin\jdk8u101\7261\hotspot\src\share\vm\classfile\systemDictionary.cpp, line 210]
Event: 0.825 Thread 0x000000000181d800 Exception <a 'java/lang/ClassNotFoundException': Tree> (0x00000000dba571a8) thrown at [C:\re\workspace\8-2-build-windows-amd64-cygwin\jdk8u101\7261\hotspot\src\share\vm\classfile\systemDictionary.cpp, line 210]
Event: 0.825 Thread 0x000000000181d800 Exception <a 'java/lang/ClassNotFoundException': Tree> (0x00000000dba578e8) thrown at [C:\re\workspace\8-2-build-windows-amd64-cygwin\jdk8u101\7261\hotspot\src\share\vm\classfile\systemDictionary.cpp, line 210]
Event: 0.825 Thread 0x000000000181d800 Exception <a 'java/lang/ClassNotFoundException': javax/swing/JTreeCell> (0x00000000dba57c68) thrown at [C:\re\workspace\8-2-build-windows-amd64-cygwin\jdk8u101\7261\hotspot\src\share\vm\classfile\systemDictionary.cpp, line 210]
Event: 0.825 Thread 0x000000000181d800 Exception <a 'java/lang/ClassNotFoundException': TreeCell> (0x00000000dba580f0) thrown at [C:\re\workspace\8-2-build-windows-amd64-cygwin\jdk8u101\7261\hotspot\src\share\vm\classfile\systemDictionary.cpp, line 210]
Event: 0.827 Thread 0x000000000181d800 Exception <a 'java/lang/ClassNotFoundException': RootPane> (0x00000000dba58b50) thrown at [C:\re\workspace\8-2-build-windows-amd64-cygwin\jdk8u101\7261\hotspot\src\share\vm\classfile\systemDictionary.cpp, line 210]

Events (10 events):
Event: 13.018 loading class javax/swing/JTextField$ScrollRepainter
Event: 13.018 loading class javax/swing/JTextField$ScrollRepainter done
Event: 13.021 loading class javax/swing/GroupLayout$BaselineGroup
Event: 13.021 loading class javax/swing/GroupLayout$BaselineGroup done
Event: 46.256 loading class java/awt/LightweightDispatcher$2
Event: 46.256 loading class java/awt/LightweightDispatcher$2 done
Event: 77.947 Thread 0x00000000198b0000 DEOPT PACKING pc=0x00000000034c9da5 sp=0x000000001a8fbfd0
Event: 77.947 Thread 0x00000000198b0000 DEOPT UNPACKING pc=0x00000000032b747f sp=0x000000001a8fbd10 mode 0
Event: 78.006 Thread 0x00000000198b0000 DEOPT PACKING pc=0x00000000034916d4 sp=0x000000001a8fbdd0
Event: 78.006 Thread 0x00000000198b0000 DEOPT UNPACKING pc=0x00000000032b747f sp=0x000000001a8fbae0 mode 0


Dynamic libraries:
0x00007ff79fba0000 - 0x00007ff79fbd7000 	C:\Program Files\Java\jdk1.8.0_101\bin\java.exe
0x00007ff93b3c0000 - 0x00007ff93b591000 	C:\WINDOWS\SYSTEM32\ntdll.dll
0x00007ff93a570000 - 0x00007ff93a61b000 	C:\WINDOWS\System32\KERNEL32.DLL
0x00007ff9378b0000 - 0x00007ff937acd000 	C:\WINDOWS\System32\KERNELBASE.dll
0x00007ff938b40000 - 0x00007ff938be2000 	C:\WINDOWS\System32\ADVAPI32.dll
0x00007ff93a620000 - 0x00007ff93a6be000 	C:\WINDOWS\System32\msvcrt.dll
0x00007ff93aec0000 - 0x00007ff93af19000 	C:\WINDOWS\System32\sechost.dll
0x00007ff938bf0000 - 0x00007ff938d11000 	C:\WINDOWS\System32\RPCRT4.dll
0x00007ff9389d0000 - 0x00007ff938b35000 	C:\WINDOWS\System32\USER32.dll
0x00007ff937b40000 - 0x00007ff937b5e000 	C:\WINDOWS\System32\win32u.dll
0x00007ff93b360000 - 0x00007ff93b394000 	C:\WINDOWS\System32\GDI32.dll
0x00007ff937c60000 - 0x00007ff937de2000 	C:\WINDOWS\System32\gdi32full.dll
0x00007ff929d70000 - 0x00007ff929fe9000 	C:\WINDOWS\WinSxS\amd64_microsoft.windows.common-controls_6595b64144ccf1df_6.0.14393.0_none_2d0f50fcbdb171b8\COMCTL32.dll
0x00007ff93a8f0000 - 0x00007ff93abb7000 	C:\WINDOWS\System32\combase.dll
0x00007ff937b60000 - 0x00007ff937c55000 	C:\WINDOWS\System32\ucrtbase.dll
0x00007ff937ad0000 - 0x00007ff937b3a000 	C:\WINDOWS\System32\bcryptPrimitives.dll
0x00007ff939030000 - 0x00007ff93905e000 	C:\WINDOWS\System32\IMM32.DLL
0x000000005d460000 - 0x000000005d532000 	C:\Program Files\Java\jdk1.8.0_101\jre\bin\msvcr100.dll
0x000000005d540000 - 0x000000005ddda000 	C:\Program Files\Java\jdk1.8.0_101\jre\bin\server\jvm.dll
0x00007ff9389c0000 - 0x00007ff9389c8000 	C:\WINDOWS\System32\PSAPI.DLL
0x00007ff92b820000 - 0x00007ff92b829000 	C:\WINDOWS\SYSTEM32\WSOCK32.dll
0x00007ff9356f0000 - 0x00007ff935713000 	C:\WINDOWS\SYSTEM32\WINMM.dll
0x00007ff92a2d0000 - 0x00007ff92a2da000 	C:\WINDOWS\SYSTEM32\VERSION.dll
0x00007ff93a880000 - 0x00007ff93a8ea000 	C:\WINDOWS\System32\WS2_32.dll
0x00007ff9356b0000 - 0x00007ff9356db000 	C:\WINDOWS\SYSTEM32\WINMMBASE.dll
0x00007ff9387b0000 - 0x00007ff9387f2000 	C:\WINDOWS\System32\cfgmgr32.dll
0x000000005d410000 - 0x000000005d41f000 	C:\Program Files\Java\jdk1.8.0_101\jre\bin\verify.dll
0x000000005d3e0000 - 0x000000005d409000 	C:\Program Files\Java\jdk1.8.0_101\jre\bin\java.dll
0x000000005d3c0000 - 0x000000005d3d6000 	C:\Program Files\Java\jdk1.8.0_101\jre\bin\zip.dll
0x00007ff939060000 - 0x00007ff93a568000 	C:\WINDOWS\System32\SHELL32.dll
0x00007ff937f00000 - 0x00007ff9385da000 	C:\WINDOWS\System32\windows.storage.dll
0x00007ff937840000 - 0x00007ff93788c000 	C:\WINDOWS\System32\powrprof.dll
0x00007ff93a6c0000 - 0x00007ff93a712000 	C:\WINDOWS\System32\shlwapi.dll
0x00007ff937830000 - 0x00007ff93783f000 	C:\WINDOWS\System32\kernel.appcore.dll
0x00007ff9388a0000 - 0x00007ff938949000 	C:\WINDOWS\System32\shcore.dll
0x00007ff937890000 - 0x00007ff9378a4000 	C:\WINDOWS\System32\profapi.dll
0x000000005d1e0000 - 0x000000005d378000 	C:\Program Files\Java\jdk1.8.0_101\jre\bin\awt.dll
0x00007ff93ad60000 - 0x00007ff93ae1f000 	C:\WINDOWS\System32\OLEAUT32.dll
0x00007ff938800000 - 0x00007ff93889c000 	C:\WINDOWS\System32\msvcp_win.dll
0x00007ff935dd0000 - 0x00007ff935e4a000 	C:\WINDOWS\SYSTEM32\apphelp.dll
0x00007ff935fb0000 - 0x00007ff936045000 	C:\WINDOWS\system32\uxtheme.dll
0x00007ff938e60000 - 0x00007ff938fbb000 	C:\WINDOWS\System32\MSCTF.dll
0x00007ff9353a0000 - 0x00007ff9353c6000 	C:\WINDOWS\system32\dwmapi.dll
0x00007ff938d20000 - 0x00007ff938e57000 	C:\WINDOWS\System32\ole32.dll
0x000000005d190000 - 0x000000005d1d7000 	C:\Program Files\Java\jdk1.8.0_101\jre\bin\fontmanager.dll
0x000000005d3a0000 - 0x000000005d3ba000 	C:\Program Files\Java\jdk1.8.0_101\jre\bin\net.dll
0x00007ff936fd0000 - 0x00007ff93702c000 	C:\WINDOWS\system32\mswsock.dll
0x000000005d380000 - 0x000000005d391000 	C:\Program Files\Java\jdk1.8.0_101\jre\bin\nio.dll
0x000000005d140000 - 0x000000005d182000 	C:\Program Files\Java\jdk1.8.0_101\jre\bin\t2k.dll
0x000000005d100000 - 0x000000005d12a000 	C:\Program Files\Java\jdk1.8.0_101\jre\bin\dcpr.dll

VM Arguments:
jvm_args: -Dfile.encoding=UTF-8 
java_command: View.Principal
java_class_path (initial): C:\Program Files\NetBeans 8.1\java\modules\ext\hibernate4\antlr-2.7.7.jar;C:\Program Files\NetBeans 8.1\java\modules\ext\hibernate4\c3p0-0.9.2.1.jar;C:\Program Files\NetBeans 8.1\java\modules\ext\hibernate4\hibernate-c3p0-4.3.1.Final.jar;C:\Program Files\NetBeans 8.1\java\modules\ext\hibernate4\mchange-commons-java-0.2.3.4.jar;C:\Program Files\NetBeans 8.1\java\modules\ext\hibernate4\dom4j-1.6.1.jar;C:\Program Files\NetBeans 8.1\java\modules\ext\hibernate4\ehcache-core-2.4.3.jar;C:\Program Files\NetBeans 8.1\java\modules\ext\hibernate4\hibernate-ehcache-4.3.1.Final.jar;C:\Program Files\NetBeans 8.1\java\modules\ext\hibernate4\hibernate-core-4.3.1.Final.jar;C:\Program Files\NetBeans 8.1\java\modules\ext\hibernate4\jboss-logging-3.1.3.GA.jar;C:\Program Files\NetBeans 8.1\java\modules\ext\hibernate4\hibernate-commons-annotations-4.0.4.Final.jar;C:\Program Files\NetBeans 8.1\java\modules\ext\hibernate4\hibernate-entitymanager-4.3.1.Final.jar;C:\Program Files\NetBeans 8.1\java\modules\ext\hibernate4\javassist-3.18.1-GA.jar;C:\Program Files\NetBeans 8.1\java\modules\ext\hibernate4\jboss-transaction-api_1.2_spec-1.0.0.Final.jar;C:\Program Files\NetBeans 8.1\java\modules\ext\hibernate4\slf4j-api-1.6.1.jar;C:\Program Files\NetBeans 8.1\java\modules\ext\hibernate4\slf4j-simple-1.6.1.jar;C:\Program Files\NetBeans 8.1\java\modules\ext\hibernate4\hibernate-jpa-2.1-api-1.0.0.Final.jar;C:\Program Files\NetBeans 8.1\ide\modules\ext\mysql-connector-java-5.1.23-bin.jar;C:\Program Files\NetBeans 8.1\java\modules\ext\AbsoluteLayout.jar;C:\NETBEANS\PROJETO\build\classes
Launcher Type: SUN_STANDARD

Environment Variables:
PATH=C:\ProgramData\Oracle\Java\javapath;C:\WINDOWS\system32;C:\WINDOWS;C:\WINDOWS\System32\Wbem;C:\WINDOWS\System32\WindowsPowerShell\v1.0\;C:\Program Files\MySQL\MySQL Utilities 1.6\;C:\Users\joao\AppData\Local\Microsoft\WindowsApps;
USERNAME=joao
OS=Windows_NT
PROCESSOR_IDENTIFIER=Intel64 Family 6 Model 37 Stepping 2, GenuineIntel



---------------  S Y S T E M  ---------------

OS: Windows 10.0 , 64 bit Build 14393 (10.0.14393.0)

CPU:total 4 (2 cores per cpu, 2 threads per core) family 6 model 37 stepping 2, cmov, cx8, fxsr, mmx, sse, sse2, sse3, ssse3, sse4.1, sse4.2, popcnt, ht, tsc, tscinvbit

Memory: 4k page, physical 7197224k(501628k free), swap 7811624k(4168k free)

vm_info: Java HotSpot(TM) 64-Bit Server VM (25.101-b13) for windows-amd64 JRE (1.8.0_101-b13), built on Jun 22 2016 01:21:29 by "java_re" with MS VC++ 10.0 (VS2010)

time: Tue Oct 18 20:17:18 2016
elapsed time: 114 seconds (0d 0h 1m 54s)

